#
# A fatal error has been detected by the Java Runtime Environment:
#
#  EXCEPTION_ACCESS_VIOLATION (0xc0000005) at pc=0xffffffffa3645120, pid=3916, tid=4336
#
# JRE version: Java(TM) SE Runtime Environment (8.0_05-b13) (build 1.8.0_05-b13)
# Java VM: Java HotSpot(TM) 64-Bit Server VM (25.5-b02 mixed mode windows-amd64 compressed oops)
# Problematic frame:
# C  0xffffffffa3645120
#
# Failed to write core dump. Minidumps are not enabled by default on client versions of Windows
#
# If you would like to submit a bug report, please visit:
#   http://bugreport.sun.com/bugreport/crash.jsp
#

---------------  T H R E A D  ---------------

Current thread (0x00000000161eb800):  JavaThread "AWT-EventQueue-0" [_thread_in_Java, id=4336, stack(0x0000000017c20000,0x0000000017d20000)]

siginfo: ExceptionCode=0xc0000005, ExceptionInformation=0x0000000000000008 0xffffffffa3645120

Registers:
RAX=0x00000000198a2168, RBX=0x00000000198a2168, RCX=0x00000000eac8c480, RDX=0x00000000eac8c480
RSP=0x0000000017d1c678, RBP=0x0000000017d1c6d8, RSI=0x0000000000000006, RDI=0x00000000eac8c4b8
R8 =0x0000000000000400, R9 =0x0000000000000800, R10=0x0000000057f8a220, R11=0x0000000002aea400
R12=0x0000000000000000, R13=0x0000000017d1c690, R14=0x0000000017d1c778, R15=0x00000000161eb800
RIP=0xffffffffa3645120, EFLAGS=0x0000000000010202

Top of Stack: (sp=0x0000000017d1c678)
0x0000000017d1c678:   00000000026473c5 0000000043c9e2e0
0x0000000017d1c688:   00000000026473c5 00000000eac8c480
0x0000000017d1c698:   0000000017d1c698 0000000014501b00
0x0000000017d1c6a8:   0000000017d1c778 00000000145028c8
0x0000000017d1c6b8:   0000000000000000 0000000014501b88
0x0000000017d1c6c8:   0000000017d1c690 0000000017d1c760
0x0000000017d1c6d8:   0000000017d1c7c0 0000000002647380
0x0000000017d1c6e8:   000000003e800000 000000003e800000
0x0000000017d1c6f8:   0000000043cc0000 0000000043850000
0x0000000017d1c708:   0000000000000004 0000000000000003
0x0000000017d1c718:   000000003e800000 000000003e800000
0x0000000017d1c728:   000000003e800000 00000000eac8c4b8
0x0000000017d1c738:   0000000043c72000 00000000438a2000
0x0000000017d1c748:   0000000000000001 0000000000000000
0x0000000017d1c758:   0000000000000000 000000003e800000
0x0000000017d1c768:   0000000000000001 00000000eac8c400 

Instructions: (pc=0xffffffffa3645120)
0xffffffffa3645100:   
[error occurred during error reporting (printing registers, top of stack, instructions near pc), id 0xc0000005]

Register to memory mapping:

RAX=0x00000000198a2168 is an unknown value
RBX=0x00000000198a2168 is an unknown value
RCX=0x00000000eac8c480 is an oop
java.awt.geom.EllipseIterator 
 - klass: 'java/awt/geom/EllipseIterator'
RDX=0x00000000eac8c480 is an oop
java.awt.geom.EllipseIterator 
 - klass: 'java/awt/geom/EllipseIterator'
RSP=0x0000000017d1c678 is pointing into the stack for thread: 0x00000000161eb800
RBP=0x0000000017d1c6d8 is pointing into the stack for thread: 0x00000000161eb800
RSI=0x0000000000000006 is an unknown value
RDI=0x00000000eac8c4b8 is an oop
[F 
 - klass: {type array float}
 - length: 6
R8 =0x0000000000000400 is an unknown value
R9 =0x0000000000000800 is an unknown value
R10=0x0000000057f8a220 is an unknown value
R11=0x0000000002aea400 is at entry_point+32 in (nmethod*)0x0000000002aea290
R12=0x0000000000000000 is an unknown value
R13=0x0000000017d1c690 is pointing into the stack for thread: 0x00000000161eb800
R14=0x0000000017d1c778 is pointing into the stack for thread: 0x00000000161eb800
R15=0x00000000161eb800 is a thread


Stack: [0x0000000017c20000,0x0000000017d20000],  sp=0x0000000017d1c678,  free space=1009k
Native frames: (J=compiled Java code, j=interpreted, Vv=VM code, C=native code)
C  0xffffffffa3645120


---------------  P R O C E S S  ---------------

Java Threads: ( => current thread )
  0x0000000018804000 JavaThread "Thread-6" [_thread_blocked, id=2020, stack(0x0000000019e50000,0x0000000019f50000)]
  0x00000000187ff000 JavaThread "Timer-2" [_thread_blocked, id=2512, stack(0x0000000019d50000,0x0000000019e50000)]
  0x00000000186b1000 JavaThread "Timer-1" [_thread_blocked, id=3516, stack(0x0000000019b50000,0x0000000019c50000)]
  0x00000000186ac000 JavaThread "Timer-0" [_thread_blocked, id=4820, stack(0x0000000019a50000,0x0000000019b50000)]
  0x00000000185ec800 JavaThread "TimerQueue" daemon [_thread_blocked, id=5048, stack(0x00000000194f0000,0x00000000195f0000)]
  0x00000000185e5000 JavaThread "D3D Screen Updater" daemon [_thread_blocked, id=1548, stack(0x00000000191e0000,0x00000000192e0000)]
  0x0000000002540800 JavaThread "DestroyJavaVM" [_thread_blocked, id=740, stack(0x0000000002100000,0x0000000002200000)]
=>0x00000000161eb800 JavaThread "AWT-EventQueue-0" [_thread_in_Java, id=4336, stack(0x0000000017c20000,0x0000000017d20000)]
  0x000000001612c800 JavaThread "AWT-Windows" daemon [_thread_in_native, id=2488, stack(0x00000000169a0000,0x0000000016aa0000)]
  0x0000000016129000 JavaThread "AWT-Shutdown" [_thread_blocked, id=3636, stack(0x00000000168a0000,0x00000000169a0000)]
  0x0000000016128000 JavaThread "Java2D Disposer" daemon [_thread_blocked, id=4452, stack(0x00000000167a0000,0x00000000168a0000)]
  0x0000000014b26000 JavaThread "Service Thread" daemon [_thread_blocked, id=5056, stack(0x0000000015c10000,0x0000000015d10000)]
  0x0000000014acb000 JavaThread "C1 CompilerThread1" daemon [_thread_blocked, id=2900, stack(0x0000000015b10000,0x0000000015c10000)]
  0x0000000014ac8800 JavaThread "C2 CompilerThread0" daemon [_thread_blocked, id=3748, stack(0x0000000015a10000,0x0000000015b10000)]
  0x0000000014ac7000 JavaThread "Attach Listener" daemon [_thread_blocked, id=4372, stack(0x0000000015910000,0x0000000015a10000)]
  0x0000000014ac3800 JavaThread "Signal Dispatcher" daemon [_thread_blocked, id=3612, stack(0x0000000015810000,0x0000000015910000)]
  0x0000000014a83000 JavaThread "Finalizer" daemon [_thread_blocked, id=2364, stack(0x0000000015710000,0x0000000015810000)]
  0x0000000014a7e000 JavaThread "Reference Handler" daemon [_thread_blocked, id=4156, stack(0x0000000015610000,0x0000000015710000)]

Other Threads:
  0x0000000014a7a000 VMThread [stack: 0x0000000015510000,0x0000000015610000] [id=2028]
  0x0000000014b29800 WatcherThread [stack: 0x0000000015d10000,0x0000000015e10000] [id=4584]

VM state:not at safepoint (normal execution)

VM Mutex/Monitor currently owned by a thread: None

Heap:
 PSYoungGen      total 11264K, used 6720K [0x00000000eab00000, 0x00000000ec100000, 0x0000000100000000)
  eden space 6144K, 26% used [0x00000000eab00000,0x00000000eac94088,0x00000000eb100000)
  from space 5120K, 99% used [0x00000000eb100000,0x00000000eb5fc050,0x00000000eb600000)
  to   space 6144K, 0% used [0x00000000ebb00000,0x00000000ebb00000,0x00000000ec100000)
 ParOldGen       total 64000K, used 7433K [0x00000000c0000000, 0x00000000c3e80000, 0x00000000eab00000)
  object space 64000K, 11% used [0x00000000c0000000,0x00000000c0742408,0x00000000c3e80000)
 Metaspace       used 13544K, capacity 13776K, committed 14080K, reserved 1060864K
  class space    used 1693K, capacity 1760K, committed 1792K, reserved 1048576K

Card table byte_map: [0x0000000011a00000,0x0000000011c10000] byte_map_base: 0x0000000011400000

Marking Bits: (ParMarkBitMap*) 0x0000000057fa13b0
 Begin Bits: [0x0000000011f70000, 0x0000000012f70000)
 End Bits:   [0x0000000012f70000, 0x0000000013f70000)

Polling page: 0x00000000007e0000

CodeCache: size=245760Kb used=5437Kb max_used=5437Kb free=240322Kb
 bounds [0x0000000002640000, 0x0000000002ba0000, 0x0000000011640000]
 total_blobs=2073 nmethods=1545 adapters=442
 compilation: enabled

Compilation events (10 events):
Event: 9.117 Thread 0x0000000014acb000 1541       1       javax.swing.JList::getSelectionModel (5 bytes)
Event: 9.117 Thread 0x0000000014acb000 nmethod 1541 0x0000000002b8f710 code [0x0000000002b8f860, 0x0000000002b8f970]
Event: 9.118 Thread 0x0000000014acb000 1542       3       sun.java2d.loops.ProcessPath::FillPolygon (676 bytes)
Event: 9.121 Thread 0x0000000014acb000 nmethod 1542 0x0000000002b8f9d0 code [0x0000000002b8fce0, 0x0000000002b91938]
Event: 9.123 Thread 0x0000000014acb000 1543       1       sun.util.calendar.ZoneInfo::isDirty (5 bytes)
Event: 9.123 Thread 0x0000000014acb000 nmethod 1543 0x0000000002b92bd0 code [0x0000000002b92d20, 0x0000000002b92e30]
Event: 9.157 Thread 0x0000000014acb000 1544       3       de.vp.Spielsteuerung::getLinien (33 bytes)
Event: 9.157 Thread 0x0000000014acb000 nmethod 1544 0x0000000002b92e90 code [0x0000000002b93000, 0x0000000002b933d0]
Event: 9.159 Thread 0x0000000014acb000 1545       1       java.awt.geom.EllipseIterator::next (11 bytes)
Event: 9.159 Thread 0x0000000014acb000 nmethod 1545 0x0000000002b93550 code [0x0000000002b936a0, 0x0000000002b937b0]

GC Heap History (10 events):
Event: 1.770 GC heap before
{Heap before GC invocations=5 (full 0):
 PSYoungGen      total 2560K, used 2558K [0x00000000eab00000, 0x00000000eae00000, 0x0000000100000000)
  eden space 2048K, 99% used [0x00000000eab00000,0x00000000eacffa80,0x00000000ead00000)
  from space 512K, 100% used [0x00000000ead80000,0x00000000eae00000,0x00000000eae00000)
  to   space 512K, 0% used [0x00000000ead00000,0x00000000ead00000,0x00000000ead80000)
 ParOldGen       total 64000K, used 1020K [0x00000000c0000000, 0x00000000c3e80000, 0x00000000eab00000)
  object space 64000K, 1% used [0x00000000c0000000,0x00000000c00ff070,0x00000000c3e80000)
 Metaspace       used 11700K, capacity 11832K, committed 12032K, reserved 1060864K
  class space    used 1457K, capacity 1498K, committed 1536K, reserved 1048576K
Event: 1.780 GC heap after
Heap after GC invocations=5 (full 0):
 PSYoungGen      total 2560K, used 480K [0x00000000eab00000, 0x00000000eb300000, 0x0000000100000000)
  eden space 2048K, 0% used [0x00000000eab00000,0x00000000eab00000,0x00000000ead00000)
  from space 512K, 93% used [0x00000000ead00000,0x00000000ead78010,0x00000000ead80000)
  to   space 2048K, 0% used [0x00000000eb100000,0x00000000eb100000,0x00000000eb300000)
 ParOldGen       total 64000K, used 1932K [0x00000000c0000000, 0x00000000c3e80000, 0x00000000eab00000)
  object space 64000K, 3% used [0x00000000c0000000,0x00000000c01e30c0,0x00000000c3e80000)
 Metaspace       used 11700K, capacity 11832K, committed 12032K, reserved 1060864K
  class space    used 1457K, capacity 1498K, committed 1536K, reserved 1048576K
}
Event: 3.480 GC heap before
{Heap before GC invocations=6 (full 0):
 PSYoungGen      total 2560K, used 1983K [0x00000000eab00000, 0x00000000eb300000, 0x0000000100000000)
  eden space 2048K, 73% used [0x00000000eab00000,0x00000000eac77cf8,0x00000000ead00000)
  from space 512K, 93% used [0x00000000ead00000,0x00000000ead78010,0x00000000ead80000)
  to   space 2048K, 0% used [0x00000000eb100000,0x00000000eb100000,0x00000000eb300000)
 ParOldGen       total 64000K, used 1932K [0x00000000c0000000, 0x00000000c3e80000, 0x00000000eab00000)
  object space 64000K, 3% used [0x00000000c0000000,0x00000000c01e30c0,0x00000000c3e80000)
 Metaspace       used 11767K, capacity 11902K, committed 12032K, reserved 1060864K
  class space    used 1466K, capacity 1499K, committed 1536K, reserved 1048576K
Event: 3.485 GC heap after
Heap after GC invocations=6 (full 0):
 PSYoungGen      total 6144K, used 1152K [0x00000000eab00000, 0x00000000eb300000, 0x0000000100000000)
  eden space 4096K, 0% used [0x00000000eab00000,0x00000000eab00000,0x00000000eaf00000)
  from space 2048K, 56% used [0x00000000eb100000,0x00000000eb220020,0x00000000eb300000)
  to   space 2048K, 0% used [0x00000000eaf00000,0x00000000eaf00000,0x00000000eb100000)
 ParOldGen       total 64000K, used 1932K [0x00000000c0000000, 0x00000000c3e80000, 0x00000000eab00000)
  object space 64000K, 3% used [0x00000000c0000000,0x00000000c01e30c0,0x00000000c3e80000)
 Metaspace       used 11767K, capacity 11902K, committed 12032K, reserved 1060864K
  class space    used 1466K, capacity 1499K, committed 1536K, reserved 1048576K
}
Event: 3.637 GC heap before
{Heap before GC invocations=7 (full 0):
 PSYoungGen      total 6144K, used 5245K [0x00000000eab00000, 0x00000000eb300000, 0x0000000100000000)
  eden space 4096K, 99% used [0x00000000eab00000,0x00000000eaeff448,0x00000000eaf00000)
  from space 2048K, 56% used [0x00000000eb100000,0x00000000eb220020,0x00000000eb300000)
  to   space 2048K, 0% used [0x00000000eaf00000,0x00000000eaf00000,0x00000000eb100000)
 ParOldGen       total 64000K, used 1932K [0x00000000c0000000, 0x00000000c3e80000, 0x00000000eab00000)
  object space 64000K, 3% used [0x00000000c0000000,0x00000000c01e30c0,0x00000000c3e80000)
 Metaspace       used 11999K, capacity 12094K, committed 12416K, reserved 1060864K
  class space    used 1522K, capacity 1563K, committed 1664K, reserved 1048576K
Event: 3.645 GC heap after
Heap after GC invocations=7 (full 0):
 PSYoungGen      total 6144K, used 2016K [0x00000000eab00000, 0x00000000eb900000, 0x0000000100000000)
  eden space 4096K, 0% used [0x00000000eab00000,0x00000000eab00000,0x00000000eaf00000)
  from space 2048K, 98% used [0x00000000eaf00000,0x00000000eb0f8010,0x00000000eb100000)
  to   space 3072K, 0% used [0x00000000eb600000,0x00000000eb600000,0x00000000eb900000)
 ParOldGen       total 64000K, used 3700K [0x00000000c0000000, 0x00000000c3e80000, 0x00000000eab00000)
  object space 64000K, 5% used [0x00000000c0000000,0x00000000c039d0d0,0x00000000c3e80000)
 Metaspace       used 11999K, capacity 12094K, committed 12416K, reserved 1060864K
  class space    used 1522K, capacity 1563K, committed 1664K, reserved 1048576K
}
Event: 3.649 GC heap before
{Heap before GC invocations=8 (full 0):
 PSYoungGen      total 6144K, used 6108K [0x00000000eab00000, 0x00000000eb900000, 0x0000000100000000)
  eden space 4096K, 99% used [0x00000000eab00000,0x00000000eaeff230,0x00000000eaf00000)
  from space 2048K, 98% used [0x00000000eaf00000,0x00000000eb0f8010,0x00000000eb100000)
  to   space 3072K, 0% used [0x00000000eb600000,0x00000000eb600000,0x00000000eb900000)
 ParOldGen       total 64000K, used 3700K [0x00000000c0000000, 0x00000000c3e80000, 0x00000000eab00000)
  object space 64000K, 5% used [0x00000000c0000000,0x00000000c039d0d0,0x00000000c3e80000)
 Metaspace       used 12007K, capacity 12158K, committed 12416K, reserved 1060864K
  class space    used 1523K, capacity 1563K, committed 1664K, reserved 1048576K
Event: 3.660 GC heap after
Heap after GC invocations=8 (full 0):
 PSYoungGen      total 9216K, used 3040K [0x00000000eab00000, 0x00000000ebd00000, 0x0000000100000000)
  eden space 6144K, 0% used [0x00000000eab00000,0x00000000eab00000,0x00000000eb100000)
  from space 3072K, 98% used [0x00000000eb600000,0x00000000eb8f8010,0x00000000eb900000)
  to   space 5120K, 0% used [0x00000000eb100000,0x00000000eb100000,0x00000000eb600000)
 ParOldGen       total 64000K, used 6800K [0x00000000c0000000, 0x00000000c3e80000, 0x00000000eab00000)
  object space 64000K, 10% used [0x00000000c0000000,0x00000000c06a43f8,0x00000000c3e80000)
 Metaspace       used 12007K, capacity 12158K, committed 12416K, reserved 1060864K
  class space    used 1523K, capacity 1563K, committed 1664K, reserved 1048576K
}
Event: 7.301 GC heap before
{Heap before GC invocations=9 (full 0):
 PSYoungGen      total 9216K, used 9184K [0x00000000eab00000, 0x00000000ebd00000, 0x0000000100000000)
  eden space 6144K, 100% used [0x00000000eab00000,0x00000000eb100000,0x00000000eb100000)
  from space 3072K, 98% used [0x00000000eb600000,0x00000000eb8f8010,0x00000000eb900000)
  to   space 5120K, 0% used [0x00000000eb100000,0x00000000eb100000,0x00000000eb600000)
 ParOldGen       total 64000K, used 6800K [0x00000000c0000000, 0x00000000c3e80000, 0x00000000eab00000)
  object space 64000K, 10% used [0x00000000c0000000,0x00000000c06a43f8,0x00000000c3e80000)
 Metaspace       used 13451K, capacity 13712K, committed 13824K, reserved 1060864K
  class space    used 1693K, capacity 1760K, committed 1792K, reserved 1048576K
Event: 7.315 GC heap after
Heap after GC invocations=9 (full 0):
 PSYoungGen      total 11264K, used 5104K [0x00000000eab00000, 0x00000000ec100000, 0x0000000100000000)
  eden space 6144K, 0% used [0x00000000eab00000,0x00000000eab00000,0x00000000eb100000)
  from space 5120K, 99% used [0x00000000eb100000,0x00000000eb5fc050,0x00000000eb600000)
  to   space 6144K, 0% used [0x00000000ebb00000,0x00000000ebb00000,0x00000000ec100000)
 ParOldGen       total 64000K, used 7433K [0x00000000c0000000, 0x00000000c3e80000, 0x00000000eab00000)
  object space 64000K, 11% used [0x00000000c0000000,0x00000000c0742408,0x00000000c3e80000)
 Metaspace       used 13451K, capacity 13712K, committed 13824K, reserved 1060864K
  class space    used 1693K, capacity 1760K, committed 1792K, reserved 1048576K
}

Deoptimization events (10 events):
Event: 0.611 Thread 0x0000000002540800 Uncommon trap: reason=class_check action=maybe_recompile pc=0x00000000027e531c method=java.lang.String.equals(Ljava/lang/Object;)Z @ 8
Event: 0.612 Thread 0x0000000002540800 Uncommon trap: reason=class_check action=maybe_recompile pc=0x00000000027e531c method=java.lang.String.equals(Ljava/lang/Object;)Z @ 8
Event: 3.900 Thread 0x00000000161eb800 Uncommon trap: reason=unreached action=reinterpret pc=0x00000000028fcfac method=de.vp.Spielsteuerung.gesamtKosten()J @ 37
Event: 4.957 Thread 0x00000000186b1000 Uncommon trap: reason=unreached action=reinterpret pc=0x00000000029bc5c8 method=de.vp.Spielsteuerung.hausBauen()Z @ 1073
Event: 6.193 Thread 0x00000000186b1000 Uncommon trap: reason=range_check action=make_not_entrant pc=0x00000000029c50d4 method=de.vp.Spielsteuerung.hausBauen()Z @ 350
Event: 6.358 Thread 0x00000000161eb800 Uncommon trap: reason=unreached action=reinterpret pc=0x0000000002964ffc method=de.vp.SpielPanel.paintComponent(Ljava/awt/Graphics;)V @ 804
Event: 6.400 Thread 0x00000000161eb800 Uncommon trap: reason=unreached action=reinterpret pc=0x00000000029483b4 method=de.vp.SpielPanel.paintComponent(Ljava/awt/Graphics;)V @ 804
Event: 6.467 Thread 0x00000000161eb800 Uncommon trap: reason=unreached action=reinterpret pc=0x0000000002950d20 method=de.vp.SpielPanel.paintComponent(Ljava/awt/Graphics;)V @ 804
Event: 7.194 Thread 0x00000000186b1000 Uncommon trap: reason=unreached action=reinterpret pc=0x0000000002a08d58 method=de.vp.Spielsteuerung.step()Z @ 409
Event: 7.784 Thread 0x00000000186b1000 Uncommon trap: reason=unreached action=reinterpret pc=0x0000000002a7b2f4 method=de.vp.Spielsteuerung.hausBauen()Z @ 193

Internal exceptions (10 events):
Event: 3.799 Thread 0x00000000161eb800 Exception <a 'java/security/PrivilegedActionException'> (0x00000000eae03e00) thrown at [D:\re\workspace\8-2-build-windows-amd64-cygwin\jdk8u5\2488\hotspot\src\share\vm\prims\jvm.cpp, line 1248]
Event: 3.807 Thread 0x00000000161eb800 Exception <a 'java/security/PrivilegedActionException'> (0x00000000eae1b320) thrown at [D:\re\workspace\8-2-build-windows-amd64-cygwin\jdk8u5\2488\hotspot\src\share\vm\prims\jvm.cpp, line 1248]
Event: 3.811 Thread 0x00000000161eb800 Exception <a 'java/security/PrivilegedActionException'> (0x00000000eae1dd70) thrown at [D:\re\workspace\8-2-build-windows-amd64-cygwin\jdk8u5\2488\hotspot\src\share\vm\prims\jvm.cpp, line 1248]
Event: 3.816 Thread 0x00000000161eb800 Exception <a 'java/security/PrivilegedActionException'> (0x00000000eae483d0) thrown at [D:\re\workspace\8-2-build-windows-amd64-cygwin\jdk8u5\2488\hotspot\src\share\vm\prims\jvm.cpp, line 1248]
Event: 3.822 Thread 0x00000000187af000 Exception <a 'java/security/PrivilegedActionException'> (0x00000000eae646b8) thrown at [D:\re\workspace\8-2-build-windows-amd64-cygwin\jdk8u5\2488\hotspot\src\share\vm\prims\jvm.cpp, line 1248]
Event: 3.822 Thread 0x00000000187af000 Exception <a 'java/security/PrivilegedActionException'> (0x00000000eae65970) thrown at [D:\re\workspace\8-2-build-windows-amd64-cygwin\jdk8u5\2488\hotspot\src\share\vm\prims\jvm.cpp, line 1248]
Event: 3.824 Thread 0x00000000161eb800 Exception <a 'java/security/PrivilegedActionException'> (0x00000000eae4ad18) thrown at [D:\re\workspace\8-2-build-windows-amd64-cygwin\jdk8u5\2488\hotspot\src\share\vm\prims\jvm.cpp, line 1248]
Event: 3.825 Thread 0x00000000161eb800 Exception <a 'java/security/PrivilegedActionException'> (0x00000000eae4c8e0) thrown at [D:\re\workspace\8-2-build-windows-amd64-cygwin\jdk8u5\2488\hotspot\src\share\vm\prims\jvm.cpp, line 1248]
Event: 3.828 Thread 0x00000000161eb800 Exception <a 'java/security/PrivilegedActionException'> (0x00000000eae73298) thrown at [D:\re\workspace\8-2-build-windows-amd64-cygwin\jdk8u5\2488\hotspot\src\share\vm\prims\jvm.cpp, line 1248]
Event: 4.957 Thread 0x00000000186b1000 Exception <a 'java/security/PrivilegedActionException'> (0x00000000ead3bae0) thrown at [D:\re\workspace\8-2-build-windows-amd64-cygwin\jdk8u5\2488\hotspot\src\share\vm\prims\jvm.cpp, line 1248]

Events (10 events):
Event: 7.194 Thread 0x00000000186b1000 DEOPT UNPACKING pc=0x00000000026873ef sp=0x0000000019c4eff8 mode 2
Event: 7.301 Executing VM operation: ParallelGCFailedAllocation
Event: 7.315 Executing VM operation: ParallelGCFailedAllocation done
Event: 7.317 Executing VM operation: RevokeBias
Event: 7.317 Executing VM operation: RevokeBias done
Event: 7.784 Thread 0x00000000186b1000 Uncommon trap: trap_request=0xffffffad fr.pc=0x0000000002a7b2f4
Event: 7.784 Thread 0x00000000186b1000 DEOPT PACKING pc=0x0000000002a7b2f4 sp=0x0000000019c4edf0
Event: 7.784 Thread 0x00000000186b1000 DEOPT UNPACKING pc=0x00000000026873ef sp=0x0000000019c4ed70 mode 2
Event: 8.989 Thread 0x00000000187af000 Thread exited: 0x00000000187af000
Event: 9.122 Thread 0x00000000161ee000 Thread exited: 0x00000000161ee000


Dynamic libraries:
0x000007f629f50000 - 0x000007f629f84000 	C:\Program Files\Java\jdk1.8.0_05\bin\java.exe
0x000007fe16700000 - 0x000007fe168be000 	C:\Windows\SYSTEM32\ntdll.dll
0x000007fe15bb0000 - 0x000007fe15ce6000 	C:\Windows\system32\KERNEL32.DLL
0x000007fe13730000 - 0x000007fe13823000 	C:\Windows\system32\KERNELBASE.dll
0x000007fe15900000 - 0x000007fe159de000 	C:\Windows\system32\ADVAPI32.dll
0x000007fe14130000 - 0x000007fe1427c000 	C:\Windows\system32\USER32.dll
0x000007fe115b0000 - 0x000007fe11819000 	C:\Windows\WinSxS\amd64_microsoft.windows.common-controls_6595b64144ccf1df_6.0.9200.16384_none_418c2a697189c07f\COMCTL32.dll
0x000007fe16340000 - 0x000007fe163e5000 	C:\Windows\system32\msvcrt.dll
0x000007fe13f30000 - 0x000007fe13f78000 	C:\Windows\SYSTEM32\sechost.dll
0x000007fe144b0000 - 0x000007fe145f0000 	C:\Windows\system32\RPCRT4.dll
0x000007fe16160000 - 0x000007fe162a0000 	C:\Windows\system32\GDI32.dll
0x000007fe13f90000 - 0x000007fe13fc9000 	C:\Windows\system32\IMM32.DLL
0x000007fe13b70000 - 0x000007fe13c84000 	C:\Windows\system32\MSCTF.dll
0x0000000057710000 - 0x00000000577e2000 	C:\Program Files\Java\jdk1.8.0_05\jre\bin\msvcr100.dll
0x00000000577f0000 - 0x000000005801a000 	C:\Program Files\Java\jdk1.8.0_05\jre\bin\server\jvm.dll
0x000007fe10ee0000 - 0x000007fe10ee9000 	C:\Windows\SYSTEM32\WSOCK32.dll
0x000007fe10a80000 - 0x000007fe10aa0000 	C:\Windows\SYSTEM32\WINMM.dll
0x000007fe14490000 - 0x000007fe14497000 	C:\Windows\system32\PSAPI.DLL
0x000007fe16460000 - 0x000007fe164b8000 	C:\Windows\system32\WS2_32.dll
0x000007fe10a40000 - 0x000007fe10a72000 	C:\Windows\SYSTEM32\WINMMBASE.dll
0x000007fe144a0000 - 0x000007fe144a9000 	C:\Windows\system32\NSI.dll
0x00000000576c0000 - 0x00000000576cf000 	C:\Program Files\Java\jdk1.8.0_05\jre\bin\verify.dll
0x0000000057690000 - 0x00000000576b8000 	C:\Program Files\Java\jdk1.8.0_05\jre\bin\java.dll
0x0000000057670000 - 0x0000000057686000 	C:\Program Files\Java\jdk1.8.0_05\jre\bin\zip.dll
0x000007fe14610000 - 0x000007fe158f5000 	C:\Windows\system32\SHELL32.dll
0x000007fe14280000 - 0x000007fe14430000 	C:\Windows\SYSTEM32\combase.dll
0x000007fe13ee0000 - 0x000007fe13f30000 	C:\Windows\system32\SHLWAPI.dll
0x000007fe127f0000 - 0x000007fe12886000 	C:\Windows\SYSTEM32\SHCORE.dll
0x000007fe13630000 - 0x000007fe13645000 	C:\Windows\SYSTEM32\profapi.dll
0x0000000057490000 - 0x0000000057626000 	C:\Program Files\Java\jdk1.8.0_05\jre\bin\awt.dll
0x000007fe13c90000 - 0x000007fe13d53000 	C:\Windows\system32\OLEAUT32.dll
0x000007fe0da10000 - 0x000007fe0daaf000 	C:\Windows\system32\apphelp.dll
0x000007fe11b10000 - 0x000007fe11b31000 	C:\Windows\system32\DWMAPI.DLL
0x000007fe12430000 - 0x000007fe12513000 	C:\Windows\system32\uxtheme.dll
0x000007fe13d60000 - 0x000007fe13ede000 	C:\Windows\system32\ole32.dll
0x000007fe13550000 - 0x000007fe1355a000 	C:\Windows\SYSTEM32\CRYPTBASE.dll
0x000007fe134f0000 - 0x000007fe1354c000 	C:\Windows\SYSTEM32\bcryptPrimitives.dll
0x000007fe03c10000 - 0x000007fe03e10000 	C:\Windows\system32\d3d9.dll
0x000007fe0fe40000 - 0x000007fe0fe49000 	C:\Windows\SYSTEM32\VERSION.dll
0x000007fe00700000 - 0x000007fe017e7000 	C:\Windows\SYSTEM32\nvd3dumx.dll
0x000007fe134a0000 - 0x000007fe134e3000 	C:\Windows\system32\powrprof.dll
0x000007fe07b90000 - 0x000007fe07cf8000 	C:\Program Files (x86)\NVIDIA Corporation\3D Vision\nvSCPAPI64.dll
0x000007fe159e0000 - 0x000007fe15bb0000 	C:\Windows\system32\SETUPAPI.dll
0x000007fe13940000 - 0x000007fe1398f000 	C:\Windows\system32\CFGMGR32.dll
0x000007fe13700000 - 0x000007fe13722000 	C:\Windows\system32\DEVOBJ.dll
0x0000000057440000 - 0x0000000057487000 	C:\Program Files\Java\jdk1.8.0_05\jre\bin\fontmanager.dll
0x0000000057650000 - 0x000000005766a000 	C:\Program Files\Java\jdk1.8.0_05\jre\bin\net.dll
0x000007fe12e80000 - 0x000007fe12edc000 	C:\Windows\system32\mswsock.dll
0x0000000057630000 - 0x0000000057641000 	C:\Program Files\Java\jdk1.8.0_05\jre\bin\nio.dll
0x00000000573f0000 - 0x0000000057431000 	C:\Program Files\Java\jdk1.8.0_05\jre\bin\t2k.dll
0x000007fe162a0000 - 0x000007fe16336000 	C:\Windows\SYSTEM32\clbcatq.dll
0x000007fe12260000 - 0x000007fe123ea000 	C:\Windows\SYSTEM32\WindowsCodecs.dll
0x000007fe12ee0000 - 0x000007fe12efa000 	C:\Windows\SYSTEM32\CRYPTSP.dll
0x000007fe12b60000 - 0x000007fe12ba9000 	C:\Windows\system32\rsaenh.dll
0x000007fe12c60000 - 0x000007fe12c7f000 	C:\Windows\SYSTEM32\USERENV.dll
0x000007fe0d7d0000 - 0x000007fe0d7fc000 	C:\Windows\SYSTEM32\IPHLPAPI.DLL
0x000007fe0d7b0000 - 0x000007fe0d7ba000 	C:\Windows\SYSTEM32\WINNSI.DLL
0x000007fe0cba0000 - 0x000007fe0cbb3000 	C:\Windows\SYSTEM32\dhcpcsvc6.DLL
0x000007fe0cf60000 - 0x000007fe0cf78000 	C:\Windows\SYSTEM32\dhcpcsvc.DLL
0x0000000055540000 - 0x0000000055570000 	C:\Program Files\Java\jdk1.8.0_05\jre\bin\jpeg.dll
0x00000000573b0000 - 0x00000000573da000 	C:\Program Files\Java\jdk1.8.0_05\jre\bin\dcpr.dll
0x000007fe08ea0000 - 0x000007fe09003000 	C:\Windows\SYSTEM32\dbghelp.dll

VM Arguments:
jvm_args: -Dfile.encoding=UTF-8 
java_command: de.vp.Main
java_class_path (initial): C:\Users\Nicolai\Documents\NetBeansProjects\vp\build\classes
Launcher Type: SUN_STANDARD

Environment Variables:
PATH=C:\Windows\system32;C:\Windows;C:\Windows\System32\Wbem;C:\Windows\System32\WindowsPowerShell\v1.0\
USERNAME=Nicolai
OS=Windows_NT
PROCESSOR_IDENTIFIER=Intel64 Family 6 Model 15 Stepping 6, GenuineIntel



---------------  S Y S T E M  ---------------

OS: Windows 8 , 64 bit Build 9200 

CPU:total 2 (2 cores per cpu, 1 threads per core) family 6 model 15 stepping 6, cmov, cx8, fxsr, mmx, sse, sse2, sse3, ssse3, tsc

Memory: 4k page, physical 4192820k(1583868k free), swap 7862836k(4373600k free)

vm_info: Java HotSpot(TM) 64-Bit Server VM (25.5-b02) for windows-amd64 JRE (1.8.0_05-b13), built on Mar 18 2014 01:08:39 by "java_re" with MS VC++ 10.0 (VS2010)

time: Mon Jun 16 20:42:20 2014
elapsed time: 9 seconds

