#
# A fatal error has been detected by the Java Runtime Environment:
#
#  EXCEPTION_ACCESS_VIOLATION (0xc0000005) at pc=0xffffffffa39a5120, pid=688, tid=2612
#
# JRE version: Java(TM) SE Runtime Environment (8.0_05-b13) (build 1.8.0_05-b13)
# Java VM: Java HotSpot(TM) 64-Bit Server VM (25.5-b02 mixed mode windows-amd64 compressed oops)
# Problematic frame:
# C  0xffffffffa39a5120
#
# Failed to write core dump. Minidumps are not enabled by default on client versions of Windows
#
# If you would like to submit a bug report, please visit:
#   http://bugreport.sun.com/bugreport/crash.jsp
#

---------------  T H R E A D  ---------------

Current thread (0x000000001657d000):  JavaThread "AWT-EventQueue-0" [_thread_in_Java, id=2612, stack(0x0000000017e10000,0x0000000017f10000)]

siginfo: ExceptionCode=0xc0000005, ExceptionInformation=0x0000000000000008 0xffffffffa39a5120

Registers:
RAX=0x00000000147319a8, RBX=0x00000000147319a8, RCX=0x00000000eaf0c128, RDX=0x00000000eaf0c128
RSP=0x0000000017f08298, RBP=0x0000000017f082f8, RSI=0x0000000000000150, RDI=0x0000000000000107
R8 =0x00000000eaf0c128, R9 =0x00000000c0041e48, R10=0x0000000057f8a270, R11=0x0000000002bbf480
R12=0x0000000000000000, R13=0x0000000017f082b0, R14=0x0000000000000000, R15=0x000000001657d000
RIP=0xffffffffa39a5120, EFLAGS=0x0000000000010206

Top of Stack: (sp=0x0000000017f08298)
0x0000000017f08298:   00000000029a72b0 00000000029a72b0
0x0000000017f082a8:   00000000029a72b0 00000000eaf0c128
0x0000000017f082b8:   0000000017f082b8 0000000014741539
0x0000000017f082c8:   0000000017f08328 0000000014742d00
0x0000000017f082d8:   0000000000000000 0000000014741560
0x0000000017f082e8:   0000000017f082b0 0000000017f08328
0x0000000017f082f8:   0000000017f08378 00000000029a72b0
0x0000000017f08308:   00000000eaf34cb0 00000000ffffffff
0x0000000017f08318:   00000000ffffffff 00000000eaf0c128
0x0000000017f08328:   00000000eaf3ba20 00000000c06abe58
0x0000000017f08338:   0000000017f08338 000000001474237d
0x0000000017f08348:   0000000017f08388 0000000014742d00
0x0000000017f08358:   0000000000000000 0000000014742390
0x0000000017f08368:   0000000017f08328 0000000017f08388
0x0000000017f08378:   0000000017f083e0 00000000029a7380
0x0000000017f08388:   00000000eaf3ba20 0000000000000000 

Instructions: (pc=0xffffffffa39a5120)
0xffffffffa39a5100:   
[error occurred during error reporting (printing registers, top of stack, instructions near pc), id 0xc0000005]

Register to memory mapping:

RAX=0x00000000147319a8 is an unknown value
RBX=0x00000000147319a8 is an unknown value
RCX=0x00000000eaf0c128 is an oop
javax.swing.JOptionPane 
 - klass: 'javax/swing/JOptionPane'
RDX=0x00000000eaf0c128 is an oop
javax.swing.JOptionPane 
 - klass: 'javax/swing/JOptionPane'
RSP=0x0000000017f08298 is pointing into the stack for thread: 0x000000001657d000
RBP=0x0000000017f082f8 is pointing into the stack for thread: 0x000000001657d000
RSI=0x0000000000000150 is an unknown value
RDI=0x0000000000000107 is an unknown value
R8 =0x00000000eaf0c128 is an oop
javax.swing.JOptionPane 
 - klass: 'javax/swing/JOptionPane'
R9 =0x00000000c0041e48 is an oop
java.awt.Component$AWTTreeLock 
 - klass: 'java/awt/Component$AWTTreeLock'
R10=0x0000000057f8a270 is an unknown value
R11=0x0000000002bbf480 is at entry_point+32 in (nmethod*)0x0000000002bbf310
R12=0x0000000000000000 is an unknown value
R13=0x0000000017f082b0 is pointing into the stack for thread: 0x000000001657d000
R14=0x0000000000000000 is an unknown value
R15=0x000000001657d000 is a thread


Stack: [0x0000000017e10000,0x0000000017f10000],  sp=0x0000000017f08298,  free space=992k
Native frames: (J=compiled Java code, j=interpreted, Vv=VM code, C=native code)
C  0xffffffffa39a5120


---------------  P R O C E S S  ---------------

Java Threads: ( => current thread )
  0x0000000018c11800 JavaThread "Timer-3" [_thread_blocked, id=72, stack(0x0000000019e70000,0x0000000019f70000)]
  0x0000000018c0d000 JavaThread "Image Fetcher 0" daemon [_thread_blocked, id=2548, stack(0x0000000018620000,0x0000000018720000)]
  0x0000000018c0d800 JavaThread "Thread-6" [_thread_blocked, id=4276, stack(0x000000001a6b0000,0x000000001a7b0000)]
  0x0000000018c13000 JavaThread "Timer-2" [_thread_in_Java, id=4872, stack(0x000000001a5b0000,0x000000001a6b0000)]
  0x00000000187cc800 JavaThread "Timer-1" [_thread_blocked, id=312, stack(0x000000001a0b0000,0x000000001a1b0000)]
  0x00000000187cf800 JavaThread "Timer-0" [_thread_blocked, id=2620, stack(0x0000000019fb0000,0x000000001a0b0000)]
  0x000000001876c800 JavaThread "TimerQueue" daemon [_thread_blocked, id=2180, stack(0x0000000019a70000,0x0000000019b70000)]
  0x0000000018757800 JavaThread "D3D Screen Updater" daemon [_thread_blocked, id=188, stack(0x0000000019360000,0x0000000019460000)]
  0x00000000028a0800 JavaThread "DestroyJavaVM" [_thread_blocked, id=3792, stack(0x00000000024b0000,0x00000000025b0000)]
=>0x000000001657d000 JavaThread "AWT-EventQueue-0" [_thread_in_Java, id=2612, stack(0x0000000017e10000,0x0000000017f10000)]
  0x00000000164c5000 JavaThread "AWT-Windows" daemon [_thread_in_vm, id=1916, stack(0x0000000016a60000,0x0000000016b60000)]
  0x00000000164c3800 JavaThread "AWT-Shutdown" [_thread_blocked, id=204, stack(0x0000000016960000,0x0000000016a60000)]
  0x00000000164c2000 JavaThread "Java2D Disposer" daemon [_thread_blocked, id=5024, stack(0x0000000016860000,0x0000000016960000)]
  0x0000000014ea6800 JavaThread "Service Thread" daemon [_thread_blocked, id=3516, stack(0x0000000015fa0000,0x00000000160a0000)]
  0x0000000014e4b000 JavaThread "C1 CompilerThread1" daemon [_thread_in_vm, id=4704, stack(0x0000000015ea0000,0x0000000015fa0000)]
  0x0000000014e48800 JavaThread "C2 CompilerThread0" daemon [_thread_blocked, id=3500, stack(0x0000000015da0000,0x0000000015ea0000)]
  0x0000000014e47000 JavaThread "Attach Listener" daemon [_thread_blocked, id=692, stack(0x0000000015ca0000,0x0000000015da0000)]
  0x0000000014e43800 JavaThread "Signal Dispatcher" daemon [_thread_blocked, id=472, stack(0x0000000015ba0000,0x0000000015ca0000)]
  0x0000000014e09000 JavaThread "Finalizer" daemon [_thread_blocked, id=4864, stack(0x0000000015a90000,0x0000000015b90000)]
  0x0000000014dfe000 JavaThread "Reference Handler" daemon [_thread_blocked, id=116, stack(0x0000000015990000,0x0000000015a90000)]

Other Threads:
  0x0000000014dfa000 VMThread [stack: 0x0000000015890000,0x0000000015990000] [id=4132]
  0x0000000014ea9800 WatcherThread [stack: 0x00000000160a0000,0x00000000161a0000] [id=4032]

VM state:not at safepoint (normal execution)

VM Mutex/Monitor currently owned by a thread: None

Heap:
 PSYoungGen      total 16384K, used 7280K [0x00000000eab00000, 0x00000000ec100000, 0x0000000100000000)
  eden space 10240K, 43% used [0x00000000eab00000,0x00000000eaf50340,0x00000000eb500000)
  from space 6144K, 46% used [0x00000000ebb00000,0x00000000ebdcc050,0x00000000ec100000)
  to   space 6144K, 0% used [0x00000000eb500000,0x00000000eb500000,0x00000000ebb00000)
 ParOldGen       total 64000K, used 9869K [0x00000000c0000000, 0x00000000c3e80000, 0x00000000eab00000)
  object space 64000K, 15% used [0x00000000c0000000,0x00000000c09a3638,0x00000000c3e80000)
 Metaspace       used 14522K, capacity 14784K, committed 15104K, reserved 1062912K
  class space    used 1851K, capacity 1922K, committed 2048K, reserved 1048576K

Card table byte_map: [0x0000000011d60000,0x0000000011f70000] byte_map_base: 0x0000000011760000

Marking Bits: (ParMarkBitMap*) 0x0000000057fa13b0
 Begin Bits: [0x00000000122d0000, 0x00000000132d0000)
 End Bits:   [0x00000000132d0000, 0x00000000142d0000)

Polling page: 0x0000000000c30000

CodeCache: size=245760Kb used=7642Kb max_used=7642Kb free=238117Kb
 bounds [0x00000000029a0000, 0x0000000003120000, 0x00000000119a0000]
 total_blobs=2616 nmethods=2079 adapters=450
 compilation: enabled

Compilation events (10 events):
Event: 15.708 Thread 0x0000000014e4b000 nmethod 2072 0x0000000003117650 code [0x00000000031177c0, 0x0000000003117ac8]
Event: 15.709 Thread 0x0000000014e4b000 2073       3       java.awt.Component::getBounds (5 bytes)
Event: 15.710 Thread 0x0000000014e4b000 nmethod 2073 0x0000000003116f10 code [0x00000000031170a0, 0x0000000003117430]
Event: 15.710 Thread 0x0000000014e4b000 2074       3       java.awt.Component::bounds (24 bytes)
Event: 15.710 Thread 0x0000000014e4b000 nmethod 2074 0x00000000031168d0 code [0x0000000003116a40, 0x0000000003116d70]
Event: 15.710 Thread 0x0000000014e4b000 2075  s    3       java.beans.ChangeListenerMap::add (88 bytes)
Event: 15.711 Thread 0x0000000014e48800 2078       4       java.awt.Component::getContainer (5 bytes)
Event: 15.711 Thread 0x0000000014e4b000 nmethod 2075 0x00000000031156d0 code [0x00000000031158c0, 0x0000000003116458]
Event: 15.711 Thread 0x0000000014e4b000 2076       3       java.awt.Container::addPropertyChangeListener (6 bytes)
Event: 15.711 Thread 0x0000000014e48800 nmethod 2078 0x00000000030ec790 code [0x00000000030ec8c0, 0x00000000030ec918]

GC Heap History (10 events):
Event: 2.956 GC heap before
{Heap before GC invocations=6 (full 0):
 PSYoungGen      total 2560K, used 2009K [0x00000000eab00000, 0x00000000eb300000, 0x0000000100000000)
  eden space 2048K, 74% used [0x00000000eab00000,0x00000000eac7e5b0,0x00000000ead00000)
  from space 512K, 93% used [0x00000000ead00000,0x00000000ead78010,0x00000000ead80000)
  to   space 2048K, 0% used [0x00000000eb100000,0x00000000eb100000,0x00000000eb300000)
 ParOldGen       total 64000K, used 1953K [0x00000000c0000000, 0x00000000c3e80000, 0x00000000eab00000)
  object space 64000K, 3% used [0x00000000c0000000,0x00000000c01e85e8,0x00000000c3e80000)
 Metaspace       used 11770K, capacity 11906K, committed 12032K, reserved 1060864K
  class space    used 1466K, capacity 1499K, committed 1536K, reserved 1048576K
Event: 2.959 GC heap after
Heap after GC invocations=6 (full 0):
 PSYoungGen      total 6144K, used 1120K [0x00000000eab00000, 0x00000000eb300000, 0x0000000100000000)
  eden space 4096K, 0% used [0x00000000eab00000,0x00000000eab00000,0x00000000eaf00000)
  from space 2048K, 54% used [0x00000000eb100000,0x00000000eb218020,0x00000000eb300000)
  to   space 2048K, 0% used [0x00000000eaf00000,0x00000000eaf00000,0x00000000eb100000)
 ParOldGen       total 64000K, used 1953K [0x00000000c0000000, 0x00000000c3e80000, 0x00000000eab00000)
  object space 64000K, 3% used [0x00000000c0000000,0x00000000c01e85e8,0x00000000c3e80000)
 Metaspace       used 11770K, capacity 11906K, committed 12032K, reserved 1060864K
  class space    used 1466K, capacity 1499K, committed 1536K, reserved 1048576K
}
Event: 3.113 GC heap before
{Heap before GC invocations=7 (full 0):
 PSYoungGen      total 6144K, used 5215K [0x00000000eab00000, 0x00000000eb300000, 0x0000000100000000)
  eden space 4096K, 99% used [0x00000000eab00000,0x00000000eaeffe10,0x00000000eaf00000)
  from space 2048K, 54% used [0x00000000eb100000,0x00000000eb218020,0x00000000eb300000)
  to   space 2048K, 0% used [0x00000000eaf00000,0x00000000eaf00000,0x00000000eb100000)
 ParOldGen       total 64000K, used 1953K [0x00000000c0000000, 0x00000000c3e80000, 0x00000000eab00000)
  object space 64000K, 3% used [0x00000000c0000000,0x00000000c01e85e8,0x00000000c3e80000)
 Metaspace       used 12006K, capacity 12098K, committed 12416K, reserved 1060864K
  class space    used 1522K, capacity 1563K, committed 1664K, reserved 1048576K
Event: 3.118 GC heap after
Heap after GC invocations=7 (full 0):
 PSYoungGen      total 6144K, used 2016K [0x00000000eab00000, 0x00000000eb900000, 0x0000000100000000)
  eden space 4096K, 0% used [0x00000000eab00000,0x00000000eab00000,0x00000000eaf00000)
  from space 2048K, 98% used [0x00000000eaf00000,0x00000000eb0f8020,0x00000000eb100000)
  to   space 3072K, 0% used [0x00000000eb600000,0x00000000eb600000,0x00000000eb900000)
 ParOldGen       total 64000K, used 3693K [0x00000000c0000000, 0x00000000c3e80000, 0x00000000eab00000)
  object space 64000K, 5% used [0x00000000c0000000,0x00000000c039b618,0x00000000c3e80000)
 Metaspace       used 12006K, capacity 12098K, committed 12416K, reserved 1060864K
  class space    used 1522K, capacity 1563K, committed 1664K, reserved 1048576K
}
Event: 3.121 GC heap before
{Heap before GC invocations=8 (full 0):
 PSYoungGen      total 6144K, used 6112K [0x00000000eab00000, 0x00000000eb900000, 0x0000000100000000)
  eden space 4096K, 100% used [0x00000000eab00000,0x00000000eaf00000,0x00000000eaf00000)
  from space 2048K, 98% used [0x00000000eaf00000,0x00000000eb0f8020,0x00000000eb100000)
  to   space 3072K, 0% used [0x00000000eb600000,0x00000000eb600000,0x00000000eb900000)
 ParOldGen       total 64000K, used 3693K [0x00000000c0000000, 0x00000000c3e80000, 0x00000000eab00000)
  object space 64000K, 5% used [0x00000000c0000000,0x00000000c039b618,0x00000000c3e80000)
 Metaspace       used 12015K, capacity 12162K, committed 12416K, reserved 1060864K
  class space    used 1524K, capacity 1563K, committed 1664K, reserved 1048576K
Event: 3.131 GC heap after
Heap after GC invocations=8 (full 0):
 PSYoungGen      total 9216K, used 3040K [0x00000000eab00000, 0x00000000ebd00000, 0x0000000100000000)
  eden space 6144K, 0% used [0x00000000eab00000,0x00000000eab00000,0x00000000eb100000)
  from space 3072K, 98% used [0x00000000eb600000,0x00000000eb8f8020,0x00000000eb900000)
  to   space 5120K, 0% used [0x00000000eb100000,0x00000000eb100000,0x00000000eb600000)
 ParOldGen       total 64000K, used 6821K [0x00000000c0000000, 0x00000000c3e80000, 0x00000000eab00000)
  object space 64000K, 10% used [0x00000000c0000000,0x00000000c06a9618,0x00000000c3e80000)
 Metaspace       used 12015K, capacity 12162K, committed 12416K, reserved 1060864K
  class space    used 1524K, capacity 1563K, committed 1664K, reserved 1048576K
}
Event: 6.605 GC heap before
{Heap before GC invocations=9 (full 0):
 PSYoungGen      total 9216K, used 9184K [0x00000000eab00000, 0x00000000ebd00000, 0x0000000100000000)
  eden space 6144K, 100% used [0x00000000eab00000,0x00000000eb100000,0x00000000eb100000)
  from space 3072K, 98% used [0x00000000eb600000,0x00000000eb8f8020,0x00000000eb900000)
  to   space 5120K, 0% used [0x00000000eb100000,0x00000000eb100000,0x00000000eb600000)
 ParOldGen       total 64000K, used 6821K [0x00000000c0000000, 0x00000000c3e80000, 0x00000000eab00000)
  object space 64000K, 10% used [0x00000000c0000000,0x00000000c06a9618,0x00000000c3e80000)
 Metaspace       used 13389K, capacity 13620K, committed 13824K, reserved 1060864K
  class space    used 1678K, capacity 1728K, committed 1792K, reserved 1048576K
Event: 6.613 GC heap after
Heap after GC invocations=9 (full 0):
 PSYoungGen      total 11264K, used 5056K [0x00000000eab00000, 0x00000000ec100000, 0x0000000100000000)
  eden space 6144K, 0% used [0x00000000eab00000,0x00000000eab00000,0x00000000eb100000)
  from space 5120K, 98% used [0x00000000eb100000,0x00000000eb5f0060,0x00000000eb600000)
  to   space 6144K, 0% used [0x00000000ebb00000,0x00000000ebb00000,0x00000000ec100000)
 ParOldGen       total 64000K, used 7525K [0x00000000c0000000, 0x00000000c3e80000, 0x00000000eab00000)
  object space 64000K, 11% used [0x00000000c0000000,0x00000000c0759638,0x00000000c3e80000)
 Metaspace       used 13389K, capacity 13620K, committed 13824K, reserved 1060864K
  class space    used 1678K, capacity 1728K, committed 1792K, reserved 1048576K
}
Event: 12.164 GC heap before
{Heap before GC invocations=10 (full 0):
 PSYoungGen      total 11264K, used 11200K [0x00000000eab00000, 0x00000000ec100000, 0x0000000100000000)
  eden space 6144K, 100% used [0x00000000eab00000,0x00000000eb100000,0x00000000eb100000)
  from space 5120K, 98% used [0x00000000eb100000,0x00000000eb5f0060,0x00000000eb600000)
  to   space 6144K, 0% used [0x00000000ebb00000,0x00000000ebb00000,0x00000000ec100000)
 ParOldGen       total 64000K, used 7525K [0x00000000c0000000, 0x00000000c3e80000, 0x00000000eab00000)
  object space 64000K, 11% used [0x00000000c0000000,0x00000000c0759638,0x00000000c3e80000)
 Metaspace       used 14102K, capacity 14304K, committed 14720K, reserved 1062912K
  class space    used 1774K, capacity 1826K, committed 1920K, reserved 1048576K
Event: 12.174 GC heap after
Heap after GC invocations=10 (full 0):
 PSYoungGen      total 16384K, used 2864K [0x00000000eab00000, 0x00000000ec100000, 0x0000000100000000)
  eden space 10240K, 0% used [0x00000000eab00000,0x00000000eab00000,0x00000000eb500000)
  from space 6144K, 46% used [0x00000000ebb00000,0x00000000ebdcc050,0x00000000ec100000)
  to   space 6144K, 0% used [0x00000000eb500000,0x00000000eb500000,0x00000000ebb00000)
 ParOldGen       total 64000K, used 9869K [0x00000000c0000000, 0x00000000c3e80000, 0x00000000eab00000)
  object space 64000K, 15% used [0x00000000c0000000,0x00000000c09a3638,0x00000000c3e80000)
 Metaspace       used 14102K, capacity 14304K, committed 14720K, reserved 1062912K
  class space    used 1774K, capacity 1826K, committed 1920K, reserved 1048576K
}

Deoptimization events (10 events):
Event: 11.884 Thread 0x000000001657d000 Uncommon trap: reason=bimorphic action=maybe_recompile pc=0x0000000002fa704c method=javax.swing.GroupLayout$Group.calculateAutopadding(I)V @ 74
Event: 11.884 Thread 0x000000001657d000 Uncommon trap: reason=bimorphic action=maybe_recompile pc=0x0000000002fa6a9c method=javax.swing.GroupLayout$Group.calculateAutopadding(I)V @ 74
Event: 11.885 Thread 0x000000001657d000 Uncommon trap: reason=bimorphic action=maybe_recompile pc=0x0000000002fa6a9c method=javax.swing.GroupLayout$Group.calculateAutopadding(I)V @ 74
Event: 11.885 Thread 0x000000001657d000 Uncommon trap: reason=bimorphic action=maybe_recompile pc=0x0000000002fa704c method=javax.swing.GroupLayout$Group.calculateAutopadding(I)V @ 74
Event: 11.897 Thread 0x000000001657d000 Uncommon trap: reason=bimorphic action=maybe_recompile pc=0x0000000002ddd100 method=sun.java2d.SunGraphics2D.validateColor()V @ 94
Event: 11.897 Thread 0x000000001657d000 Uncommon trap: reason=bimorphic action=maybe_recompile pc=0x0000000002ddd100 method=sun.java2d.SunGraphics2D.validateColor()V @ 94
Event: 11.909 Thread 0x000000001657d000 Uncommon trap: reason=unreached action=reinterpret pc=0x0000000002ddd0d4 method=sun.java2d.SunGraphics2D.validateColor()V @ 38
Event: 11.909 Thread 0x000000001657d000 Uncommon trap: reason=unreached action=reinterpret pc=0x0000000002fe2dac method=sun.java2d.SunGraphics2D.validateColor()V @ 38
Event: 14.563 Thread 0x000000001657d000 Uncommon trap: reason=unreached action=reinterpret pc=0x0000000002f20668 method=java.security.AccessControlContext.combine([Ljava/security/ProtectionDomain;[Ljava/security/ProtectionDomain;)[Ljava/security/ProtectionDomain; @ 11
Event: 15.666 Thread 0x000000001657d000 Uncommon trap: reason=unreached action=reinterpret pc=0x00000000030b4e6c method=de.vp.Spielsteuerung.getBahnhofListe([Lde/vp/Bahnhof;)[Lde/vp/Bahnhof; @ 52

Internal exceptions (10 events):
Event: 3.270 Thread 0x000000001657d000 Exception <a 'java/security/PrivilegedActionException'> (0x00000000eae55868) thrown at [D:\re\workspace\8-2-build-windows-amd64-cygwin\jdk8u5\2488\hotspot\src\share\vm\prims\jvm.cpp, line 1248]
Event: 4.397 Thread 0x00000000187cc800 Exception <a 'java/security/PrivilegedActionException'> (0x00000000eae04698) thrown at [D:\re\workspace\8-2-build-windows-amd64-cygwin\jdk8u5\2488\hotspot\src\share\vm\prims\jvm.cpp, line 1248]
Event: 11.865 Thread 0x000000001657d000 Exception <a 'java/security/PrivilegedActionException'> (0x00000000eb046518) thrown at [D:\re\workspace\8-2-build-windows-amd64-cygwin\jdk8u5\2488\hotspot\src\share\vm\prims\jvm.cpp, line 1248]
Event: 11.871 Thread 0x000000001657d000 Exception <a 'java/security/PrivilegedActionException'> (0x00000000eb059de0) thrown at [D:\re\workspace\8-2-build-windows-amd64-cygwin\jdk8u5\2488\hotspot\src\share\vm\prims\jvm.cpp, line 1248]
Event: 11.871 Thread 0x000000001657d000 Exception <a 'java/security/PrivilegedActionException'> (0x00000000eb05b888) thrown at [D:\re\workspace\8-2-build-windows-amd64-cygwin\jdk8u5\2488\hotspot\src\share\vm\prims\jvm.cpp, line 1248]
Event: 11.872 Thread 0x000000001657d000 Exception <a 'java/security/PrivilegedActionException'> (0x00000000eb05d280) thrown at [D:\re\workspace\8-2-build-windows-amd64-cygwin\jdk8u5\2488\hotspot\src\share\vm\prims\jvm.cpp, line 1248]
Event: 11.872 Thread 0x000000001657d000 Exception <a 'java/security/PrivilegedActionException'> (0x00000000eb05edf8) thrown at [D:\re\workspace\8-2-build-windows-amd64-cygwin\jdk8u5\2488\hotspot\src\share\vm\prims\jvm.cpp, line 1248]
Event: 11.873 Thread 0x000000001657d000 Exception <a 'java/security/PrivilegedActionException'> (0x00000000eb0607a8) thrown at [D:\re\workspace\8-2-build-windows-amd64-cygwin\jdk8u5\2488\hotspot\src\share\vm\prims\jvm.cpp, line 1248]
Event: 11.873 Thread 0x000000001657d000 Exception <a 'java/security/PrivilegedActionException'> (0x00000000eb062178) thrown at [D:\re\workspace\8-2-build-windows-amd64-cygwin\jdk8u5\2488\hotspot\src\share\vm\prims\jvm.cpp, line 1248]
Event: 11.874 Thread 0x000000001657d000 Exception <a 'java/security/PrivilegedActionException'> (0x00000000eb064128) thrown at [D:\re\workspace\8-2-build-windows-amd64-cygwin\jdk8u5\2488\hotspot\src\share\vm\prims\jvm.cpp, line 1248]

Events (10 events):
Event: 15.324 Executing VM operation: BulkRevokeBias done
Event: 15.664 Thread 0x000000001657d000 DEOPT PACKING pc=0x00000000030bab04 sp=0x0000000017f097c0
Event: 15.664 Thread 0x000000001657d000 DEOPT UNPACKING pc=0x00000000029e7204 sp=0x0000000017f094f8 mode 0
Event: 15.666 Thread 0x000000001657d000 Uncommon trap: trap_request=0xffffffad fr.pc=0x00000000030b4e6c
Event: 15.666 Thread 0x000000001657d000 DEOPT PACKING pc=0x00000000030b4e6c sp=0x0000000017f097d0
Event: 15.666 Thread 0x000000001657d000 DEOPT UNPACKING pc=0x00000000029e73ef sp=0x0000000017f09780 mode 2
Event: 15.686 loading class java/util/ArrayList$1
Event: 15.686 loading class java/util/ArrayList$1 done
Event: 15.695 Executing VM operation: BulkRevokeBias
Event: 15.698 Executing VM operation: BulkRevokeBias done


Dynamic libraries:
0x000007f629f50000 - 0x000007f629f84000 	C:\Program Files\Java\jdk1.8.0_05\bin\java.exe
0x000007fe16700000 - 0x000007fe168be000 	C:\Windows\SYSTEM32\ntdll.dll
0x000007fe15bb0000 - 0x000007fe15ce6000 	C:\Windows\system32\KERNEL32.DLL
0x000007fe13730000 - 0x000007fe13823000 	C:\Windows\system32\KERNELBASE.dll
0x000007fe15900000 - 0x000007fe159de000 	C:\Windows\system32\ADVAPI32.dll
0x000007fe14130000 - 0x000007fe1427c000 	C:\Windows\system32\USER32.dll
0x000007fe115b0000 - 0x000007fe11819000 	C:\Windows\WinSxS\amd64_microsoft.windows.common-controls_6595b64144ccf1df_6.0.9200.16384_none_418c2a697189c07f\COMCTL32.dll
0x000007fe16340000 - 0x000007fe163e5000 	C:\Windows\system32\msvcrt.dll
0x000007fe13f30000 - 0x000007fe13f78000 	C:\Windows\SYSTEM32\sechost.dll
0x000007fe144b0000 - 0x000007fe145f0000 	C:\Windows\system32\RPCRT4.dll
0x000007fe16160000 - 0x000007fe162a0000 	C:\Windows\system32\GDI32.dll
0x000007fe13f90000 - 0x000007fe13fc9000 	C:\Windows\system32\IMM32.DLL
0x000007fe13b70000 - 0x000007fe13c84000 	C:\Windows\system32\MSCTF.dll
0x0000000057710000 - 0x00000000577e2000 	C:\Program Files\Java\jdk1.8.0_05\jre\bin\msvcr100.dll
0x00000000577f0000 - 0x000000005801a000 	C:\Program Files\Java\jdk1.8.0_05\jre\bin\server\jvm.dll
0x000007fe10ee0000 - 0x000007fe10ee9000 	C:\Windows\SYSTEM32\WSOCK32.dll
0x000007fe10a80000 - 0x000007fe10aa0000 	C:\Windows\SYSTEM32\WINMM.dll
0x000007fe14490000 - 0x000007fe14497000 	C:\Windows\system32\PSAPI.DLL
0x000007fe16460000 - 0x000007fe164b8000 	C:\Windows\system32\WS2_32.dll
0x000007fe10a40000 - 0x000007fe10a72000 	C:\Windows\SYSTEM32\WINMMBASE.dll
0x000007fe144a0000 - 0x000007fe144a9000 	C:\Windows\system32\NSI.dll
0x00000000576c0000 - 0x00000000576cf000 	C:\Program Files\Java\jdk1.8.0_05\jre\bin\verify.dll
0x0000000057690000 - 0x00000000576b8000 	C:\Program Files\Java\jdk1.8.0_05\jre\bin\java.dll
0x0000000057670000 - 0x0000000057686000 	C:\Program Files\Java\jdk1.8.0_05\jre\bin\zip.dll
0x000007fe14610000 - 0x000007fe158f5000 	C:\Windows\system32\SHELL32.dll
0x000007fe14280000 - 0x000007fe14430000 	C:\Windows\SYSTEM32\combase.dll
0x000007fe13ee0000 - 0x000007fe13f30000 	C:\Windows\system32\SHLWAPI.dll
0x000007fe127f0000 - 0x000007fe12886000 	C:\Windows\SYSTEM32\SHCORE.dll
0x000007fe13630000 - 0x000007fe13645000 	C:\Windows\SYSTEM32\profapi.dll
0x0000000057490000 - 0x0000000057626000 	C:\Program Files\Java\jdk1.8.0_05\jre\bin\awt.dll
0x000007fe13c90000 - 0x000007fe13d53000 	C:\Windows\system32\OLEAUT32.dll
0x000007fe0da10000 - 0x000007fe0daaf000 	C:\Windows\system32\apphelp.dll
0x000007fe11b10000 - 0x000007fe11b31000 	C:\Windows\system32\DWMAPI.DLL
0x000007fe12430000 - 0x000007fe12513000 	C:\Windows\system32\uxtheme.dll
0x000007fe13d60000 - 0x000007fe13ede000 	C:\Windows\system32\ole32.dll
0x000007fe13550000 - 0x000007fe1355a000 	C:\Windows\SYSTEM32\CRYPTBASE.dll
0x000007fe134f0000 - 0x000007fe1354c000 	C:\Windows\SYSTEM32\bcryptPrimitives.dll
0x000007fe04790000 - 0x000007fe04990000 	C:\Windows\system32\d3d9.dll
0x000007fe0fe40000 - 0x000007fe0fe49000 	C:\Windows\SYSTEM32\VERSION.dll
0x000007fdfeac0000 - 0x000007fdffba7000 	C:\Windows\SYSTEM32\nvd3dumx.dll
0x000007fe134a0000 - 0x000007fe134e3000 	C:\Windows\system32\powrprof.dll
0x000007fe07b90000 - 0x000007fe07cf8000 	C:\Program Files (x86)\NVIDIA Corporation\3D Vision\nvSCPAPI64.dll
0x000007fe159e0000 - 0x000007fe15bb0000 	C:\Windows\system32\SETUPAPI.dll
0x000007fe13940000 - 0x000007fe1398f000 	C:\Windows\system32\CFGMGR32.dll
0x000007fe13700000 - 0x000007fe13722000 	C:\Windows\system32\DEVOBJ.dll
0x0000000057440000 - 0x0000000057487000 	C:\Program Files\Java\jdk1.8.0_05\jre\bin\fontmanager.dll
0x0000000057650000 - 0x000000005766a000 	C:\Program Files\Java\jdk1.8.0_05\jre\bin\net.dll
0x000007fe12e80000 - 0x000007fe12edc000 	C:\Windows\system32\mswsock.dll
0x0000000057630000 - 0x0000000057641000 	C:\Program Files\Java\jdk1.8.0_05\jre\bin\nio.dll
0x00000000573f0000 - 0x0000000057431000 	C:\Program Files\Java\jdk1.8.0_05\jre\bin\t2k.dll
0x000007fe162a0000 - 0x000007fe16336000 	C:\Windows\SYSTEM32\clbcatq.dll
0x000007fe12260000 - 0x000007fe123ea000 	C:\Windows\SYSTEM32\WindowsCodecs.dll
0x000007fe12ee0000 - 0x000007fe12efa000 	C:\Windows\SYSTEM32\CRYPTSP.dll
0x000007fe12b60000 - 0x000007fe12ba9000 	C:\Windows\system32\rsaenh.dll
0x000007fe12c60000 - 0x000007fe12c7f000 	C:\Windows\SYSTEM32\USERENV.dll
0x000007fe0d7d0000 - 0x000007fe0d7fc000 	C:\Windows\SYSTEM32\IPHLPAPI.DLL
0x000007fe0d7b0000 - 0x000007fe0d7ba000 	C:\Windows\SYSTEM32\WINNSI.DLL
0x000007fe0cba0000 - 0x000007fe0cbb3000 	C:\Windows\SYSTEM32\dhcpcsvc6.DLL
0x000007fe0cf60000 - 0x000007fe0cf78000 	C:\Windows\SYSTEM32\dhcpcsvc.DLL
0x0000000055510000 - 0x0000000055540000 	C:\Program Files\Java\jdk1.8.0_05\jre\bin\jpeg.dll
0x00000000573b0000 - 0x00000000573da000 	C:\Program Files\Java\jdk1.8.0_05\jre\bin\dcpr.dll
0x000007fe08ea0000 - 0x000007fe09003000 	C:\Windows\SYSTEM32\dbghelp.dll

VM Arguments:
jvm_args: -Dfile.encoding=UTF-8 
java_command: de.vp.Main
java_class_path (initial): C:\Users\Nicolai\Documents\NetBeansProjects\vp\build\classes
Launcher Type: SUN_STANDARD

Environment Variables:
PATH=C:\Windows\system32;C:\Windows;C:\Windows\System32\Wbem;C:\Windows\System32\WindowsPowerShell\v1.0\
USERNAME=Nicolai
OS=Windows_NT
PROCESSOR_IDENTIFIER=Intel64 Family 6 Model 15 Stepping 6, GenuineIntel



---------------  S Y S T E M  ---------------

OS: Windows 8 , 64 bit Build 9200 

CPU:total 2 (2 cores per cpu, 1 threads per core) family 6 model 15 stepping 6, cmov, cx8, fxsr, mmx, sse, sse2, sse3, ssse3, tsc

Memory: 4k page, physical 4192820k(1594436k free), swap 7862836k(4431964k free)

vm_info: Java HotSpot(TM) 64-Bit Server VM (25.5-b02) for windows-amd64 JRE (1.8.0_05-b13), built on Mar 18 2014 01:08:39 by "java_re" with MS VC++ 10.0 (VS2010)

time: Mon Jun 16 22:42:22 2014
elapsed time: 15 seconds

